android/app/build/intermediates/proguard-rules/debug/aapt_rules.txt
# Referenced at full/debug/AndroidManifest.xml:174
-keep class android.arch.lifecycle.ProcessLifecycleOwnerInitializer { <init>(...); }

# Referenced at res/layout/fui_confirmation_code_layout.xml:101
-keep class android.support.constraint.Barrier { <init>(...); }

# Referenced at res/layout-land/fui_auth_method_picker_layout.xml:2
# Referenced at res/layout/fui_auth_method_picker_layout.xml:2
# Referenced at res/layout/fui_confirmation_code_layout.xml:2
# Referenced at res/layout/fui_confirmation_code_layout.xml:18
# Referenced at res/layout/fui_phone_layout.xml:2
# Referenced at res/layout/fui_phone_layout.xml:18
# Referenced at res/layout/fui_welcome_back_password_prompt_layout.xml:19
-keep class android.support.constraint.ConstraintLayout { <init>(...); }

# Referenced at res/layout/design_bottom_navigation_item.xml:26
-keep class android.support.design.internal.BaselineLayout { <init>(...); }

# Referenced at res/layout/design_navigation_item.xml:17
-keep class android.support.design.internal.NavigationMenuItemView { <init>(...); }

# Referenced at res/layout/design_navigation_menu.xml:17
-keep class android.support.design.internal.NavigationMenuView { <init>(...); }

# Referenced at res/layout/design_layout_snackbar_include.xml:18
-keep class android.support.design.internal.SnackbarContentLayout { <init>(...); }

# Referenced at res/layout/design_text_input_password_icon.xml:18
-keep class android.support.design.widget.CheckableImageButton { <init>(...); }

# Referenced at res/layout/design_bottom_sheet_dialog.xml:26
# Referenced at res/layout/activity_login.xml:2
-keep class android.support.design.widget.CoordinatorLayout { <init>(...); }

# Referenced at res/layout-sw600dp-v13/design_layout_snackbar.xml:18
# Referenced at res/layout/design_layout_snackbar.xml:18
-keep class android.support.design.widget.Snackbar$SnackbarLayout { <init>(...); }

# Referenced at res/layout/fui_check_email_layout.xml:35
# Referenced at res/layout/fui_forgot_password_layout.xml:36
# Referenced at res/layout/fui_phone_layout.xml:37
# Referenced at res/layout/fui_register_email_layout.xml:36
# Referenced at res/layout/fui_register_email_layout.xml:50
# Referenced at res/layout/fui_register_email_layout.xml:67
# Referenced at res/layout/fui_welcome_back_password_prompt_layout.xml:49
-keep class android.support.design.widget.TextInputEditText { <init>(...); }

# Referenced at res/layout/fui_check_email_layout.xml:24
# Referenced at res/layout/fui_confirmation_code_layout.xml:40
# Referenced at res/layout/fui_forgot_password_layout.xml:28
# Referenced at res/layout/fui_register_email_layout.xml:25
# Referenced at res/layout/fui_register_email_layout.xml:42
# Referenced at res/layout/fui_register_email_layout.xml:58
# Referenced at res/layout/fui_welcome_back_password_prompt_layout.xml:40
-keep class android.support.design.widget.TextInputLayout { <init>(...); }

# Referenced at res/layout/abc_alert_dialog_material.xml:41
-keep class android.support.v4.widget.NestedScrollView { <init>(...); }

# Referenced at res/layout/abc_select_dialog_material.xml:23
-keep class android.support.v7.app.AlertController$RecycleListView { <init>(...); }

# Referenced at res/layout/abc_action_menu_item_layout.xml:17
-keep class android.support.v7.view.menu.ActionMenuItemView { <init>(...); }

# Referenced at res/layout/abc_expanded_menu_layout.xml:17
-keep class android.support.v7.view.menu.ExpandedMenuView { <init>(...); }

# Referenced at res/layout/abc_list_menu_item_layout.xml:17
# Referenced at res/layout/abc_popup_menu_item_layout.xml:17
-keep class android.support.v7.view.menu.ListMenuItemView { <init>(...); }

# Referenced at res/layout-v26/abc_screen_toolbar.xml:27
# Referenced at res/layout/abc_screen_toolbar.xml:27
-keep class android.support.v7.widget.ActionBarContainer { <init>(...); }

# Referenced at res/layout-v26/abc_screen_toolbar.xml:44
# Referenced at res/layout/abc_action_mode_bar.xml:19
# Referenced at res/layout/abc_screen_toolbar.xml:43
-keep class android.support.v7.widget.ActionBarContextView { <init>(...); }

# Referenced at res/layout-v26/abc_screen_toolbar.xml:17
# Referenced at res/layout/abc_screen_toolbar.xml:17
-keep class android.support.v7.widget.ActionBarOverlayLayout { <init>(...); }

# Referenced at res/layout/abc_action_menu_layout.xml:17
-keep class android.support.v7.widget.ActionMenuView { <init>(...); }

# Referenced at res/layout/abc_activity_chooser_view.xml:19
-keep class android.support.v7.widget.ActivityChooserView$InnerLayout { <init>(...); }

# Referenced at res/layout/abc_alert_dialog_material.xml:18
-keep class android.support.v7.widget.AlertDialogLayout { <init>(...); }

# Referenced at res/layout-watch-v20/abc_alert_dialog_button_bar_material.xml:18
# Referenced at res/layout/abc_alert_dialog_button_bar_material.xml:26
-keep class android.support.v7.widget.ButtonBarLayout { <init>(...); }

# Referenced at res/layout/abc_screen_content_include.xml:19
-keep class android.support.v7.widget.ContentFrameLayout { <init>(...); }

# Referenced at res/layout-watch-v20/abc_alert_dialog_title_material.xml:44
# Referenced at res/layout/abc_alert_dialog_title_material.xml:45
-keep class android.support.v7.widget.DialogTitle { <init>(...); }

# Referenced at res/layout/abc_screen_simple_overlay_action_mode.xml:23
-keep class android.support.v7.widget.FitWindowsFrameLayout { <init>(...); }

# Referenced at res/layout/abc_dialog_title_material.xml:22
# Referenced at res/layout/abc_screen_simple.xml:17
-keep class android.support.v7.widget.FitWindowsLinearLayout { <init>(...); }

# Referenced at res/layout/abc_search_view.xml:75
-keep class android.support.v7.widget.SearchView$SearchAutoComplete { <init>(...); }

# Referenced at res/layout-v26/abc_screen_toolbar.xml:37
# Referenced at res/layout/abc_screen_toolbar.xml:36
-keep class android.support.v7.widget.Toolbar { <init>(...); }

# Referenced at res/layout/abc_screen_simple.xml:25
# Referenced at res/layout/abc_screen_simple_overlay_action_mode.xml:32
-keep class android.support.v7.widget.ViewStubCompat { <init>(...); }

# Referenced at res/layout-watch-v20/abc_alert_dialog_title_material.xml:53
# Referenced at res/layout/abc_alert_dialog_button_bar_material.xml:43
# Referenced at res/layout/abc_alert_dialog_material.xml:52
# Referenced at res/layout/abc_alert_dialog_material.xml:66
# Referenced at res/layout/abc_alert_dialog_title_material.xml:56
-keep class android.widget.Space { <init>(...); }

# Referenced at res/layout/browser_actions_context_menu_page.xml:5
-keep class androidx.browser.browseractions.BrowserActionsFallbackMenuView { <init>(...); }

# Referenced at full/debug/AndroidManifest.xml:117
-keep class com.facebook.CustomTabActivity { <init>(...); }

# Referenced at full/debug/AndroidManifest.xml:113
-keep class com.facebook.FacebookActivity { <init>(...); }

# Referenced at full/debug/AndroidManifest.xml:42
-keep class com.facebook.react.devsupport.DevSettingsActivity { <init>(...); }

# Referenced at full/debug/AndroidManifest.xml:51
-keep class com.firebase.ui.auth.KickoffActivity { <init>(...); }

# Referenced at full/debug/AndroidManifest.xml:130
-keep class com.firebase.ui.auth.data.client.AuthUiInitProvider { <init>(...); }

# Referenced at full/debug/AndroidManifest.xml:61
-keep class com.firebase.ui.auth.ui.credentials.CredentialSaveActivity { <init>(...); }

# Referenced at full/debug/AndroidManifest.xml:89
-keep class com.firebase.ui.auth.ui.email.EmailActivity { <init>(...); }

# Referenced at full/debug/AndroidManifest.xml:84
-keep class com.firebase.ui.auth.ui.email.RecoverPasswordActivity { <init>(...); }

# Referenced at full/debug/AndroidManifest.xml:104
-keep class com.firebase.ui.auth.ui.email.WelcomeBackPasswordPrompt { <init>(...); }

# Referenced at full/debug/AndroidManifest.xml:109
-keep class com.firebase.ui.auth.ui.idp.AuthMethodPickerActivity { <init>(...); }

# Referenced at full/debug/AndroidManifest.xml:56
-keep class com.firebase.ui.auth.ui.idp.SingleSignInActivity { <init>(...); }

# Referenced at full/debug/AndroidManifest.xml:99
-keep class com.firebase.ui.auth.ui.idp.WelcomeBackIdpPrompt { <init>(...); }

# Referenced at res/layout/fui_phone_layout.xml:22
-keep class com.firebase.ui.auth.ui.phone.CountryListSpinner { <init>(...); }

# Referenced at full/debug/AndroidManifest.xml:94
-keep class com.firebase.ui.auth.ui.phone.PhoneActivity { <init>(...); }

# Referenced at res/layout/fui_confirmation_code_layout.xml:47
-keep class com.firebase.ui.auth.ui.phone.SpacedEditText { <init>(...); }

# Referenced at full/debug/AndroidManifest.xml:66
-keep class com.firebase.ui.auth.ui.provider.GitHubLoginActivity { <init>(...); }

# Referenced at res/layout/fui_phone_layout.xml:28
-keep class com.firebase.ui.auth.util.ui.BaselineTextInputLayout { <init>(...); }

# Referenced at res/layout/fui_idp_button_facebook.xml:1
# Referenced at res/layout/fui_idp_button_github.xml:1
# Referenced at res/layout/fui_idp_button_google.xml:1
# Referenced at res/layout/fui_idp_button_twitter.xml:1
# Referenced at res/layout/fui_provider_button_email.xml:2
# Referenced at res/layout/fui_provider_button_phone.xml:2
-keep class com.firebase.ui.auth.util.ui.SupportVectorDrawablesButton { <init>(...); }

# Referenced at full/debug/AndroidManifest.xml:159
-keep class com.google.android.gms.auth.api.signin.RevocationBoundService { <init>(...); }

# Referenced at full/debug/AndroidManifest.xml:150
-keep class com.google.android.gms.auth.api.signin.internal.SignInHubActivity { <init>(...); }

# Referenced at full/debug/AndroidManifest.xml:164
-keep class com.google.android.gms.common.api.GoogleApiActivity { <init>(...); }

# Referenced at full/debug/AndroidManifest.xml:136
-keep class com.google.firebase.auth.internal.FederatedSignInActivity { <init>(...); }

# Referenced at full/debug/AndroidManifest.xml:144
-keep class com.google.firebase.components.ComponentDiscoveryService { <init>(...); }

# Referenced at full/debug/AndroidManifest.xml:169
-keep class com.google.firebase.provider.FirebaseInitProvider { <init>(...); }

# Referenced at full/debug/AndroidManifest.xml:32
-keep class com.pizzadelivery.LoginActivity { <init>(...); }

# Referenced at full/debug/AndroidManifest.xml:26
-keep class com.pizzadelivery.MainActivity { <init>(...); }

# Referenced at full/debug/AndroidManifest.xml:18
-keep class com.pizzadelivery.MainApplication { <init>(...); }

# Referenced at res/layout-land/fui_auth_method_picker_layout.xml:12
# Referenced at res/layout/fui_auth_method_picker_layout.xml:11
# Referenced at res/layout/fui_check_email_layout.xml:10
# Referenced at res/layout/fui_confirmation_code_layout.xml:9
# Referenced at res/layout/fui_forgot_password_layout.xml:10
# Referenced at res/layout/fui_phone_layout.xml:9
# Referenced at res/layout/fui_register_email_layout.xml:10
# Referenced at res/layout/fui_welcome_back_idp_prompt_layout.xml:9
# Referenced at res/layout/fui_welcome_back_password_prompt_layout.xml:10
-keep class me.zhanghai.android.materialprogressbar.MaterialProgressBar { <init>(...); }