android/app/build/outputs/mapping/debug/seeds.txt
com.pizzadelivery.LoginActivity
com.pizzadelivery.LoginActivity: LoginActivity()
com.pizzadelivery.MainActivity
com.pizzadelivery.MainActivity: MainActivity()
com.pizzadelivery.MainApplication
com.pizzadelivery.MainApplication: MainApplication()
com.pizzadelivery.R$anim: int abc_fade_in
com.pizzadelivery.R$anim: int abc_fade_out
com.pizzadelivery.R$anim: int abc_grow_fade_in_from_bottom
com.pizzadelivery.R$anim: int abc_popup_enter
com.pizzadelivery.R$anim: int abc_popup_exit
com.pizzadelivery.R$anim: int abc_shrink_fade_out_from_bottom
com.pizzadelivery.R$anim: int abc_slide_in_bottom
com.pizzadelivery.R$anim: int abc_slide_in_top
com.pizzadelivery.R$anim: int abc_slide_out_bottom
com.pizzadelivery.R$anim: int abc_slide_out_top
com.pizzadelivery.R$anim: int abc_tooltip_enter
com.pizzadelivery.R$anim: int abc_tooltip_exit
com.pizzadelivery.R$anim: int catalyst_fade_in
com.pizzadelivery.R$anim: int catalyst_fade_out
com.pizzadelivery.R$anim: int catalyst_push_up_in
com.pizzadelivery.R$anim: int catalyst_push_up_out
com.pizzadelivery.R$anim: int catalyst_slide_down
com.pizzadelivery.R$anim: int catalyst_slide_up
com.pizzadelivery.R$anim: int design_bottom_sheet_slide_in
com.pizzadelivery.R$anim: int design_bottom_sheet_slide_out
com.pizzadelivery.R$anim: int design_snackbar_in
com.pizzadelivery.R$anim: int design_snackbar_out
com.pizzadelivery.R$anim: int fui_slide_in_right
com.pizzadelivery.R$anim: int fui_slide_out_left
com.pizzadelivery.R$animator: int design_appbar_state_list_animator
com.pizzadelivery.R$attr: int actionBarDivider
com.pizzadelivery.R$attr: int actionBarItemBackground
com.pizzadelivery.R$attr: int actionBarPopupTheme
com.pizzadelivery.R$attr: int actionBarSize
com.pizzadelivery.R$attr: int actionBarSplitStyle
com.pizzadelivery.R$attr: int actionBarStyle
com.pizzadelivery.R$attr: int actionBarTabBarStyle
com.pizzadelivery.R$attr: int actionBarTabStyle
com.pizzadelivery.R$attr: int actionBarTabTextStyle
com.pizzadelivery.R$attr: int actionBarTheme
com.pizzadelivery.R$attr: int actionBarWidgetTheme
com.pizzadelivery.R$attr: int actionButtonStyle
com.pizzadelivery.R$attr: int actionDropDownStyle
com.pizzadelivery.R$attr: int actionLayout
com.pizzadelivery.R$attr: int actionMenuTextAppearance
com.pizzadelivery.R$attr: int actionMenuTextColor
com.pizzadelivery.R$attr: int actionModeBackground
com.pizzadelivery.R$attr: int actionModeCloseButtonStyle
com.pizzadelivery.R$attr: int actionModeCloseDrawable
com.pizzadelivery.R$attr: int actionModeCopyDrawable
com.pizzadelivery.R$attr: int actionModeCutDrawable
com.pizzadelivery.R$attr: int actionModeFindDrawable
com.pizzadelivery.R$attr: int actionModePasteDrawable
com.pizzadelivery.R$attr: int actionModePopupWindowStyle
com.pizzadelivery.R$attr: int actionModeSelectAllDrawable
com.pizzadelivery.R$attr: int actionModeShareDrawable
com.pizzadelivery.R$attr: int actionModeSplitBackground
com.pizzadelivery.R$attr: int actionModeStyle
com.pizzadelivery.R$attr: int actionModeWebSearchDrawable
com.pizzadelivery.R$bool: int abc_action_bar_embed_tabs
com.pizzadelivery.R$bool: int abc_allow_stacked_button_bar
com.pizzadelivery.R$bool: int abc_config_actionMenuItemAllCaps
com.pizzadelivery.R$bool: int abc_config_showMenuShortcutsWhenKeyboardPresent
...
com.google.android.gms.signin.internal.RecordConsentRequest: android.os.Parcelable$Creator CREATOR
com.google.android.gms.signin.internal.SignInRequest: android.os.Parcelable$Creator CREATOR
com.google.android.gms.signin.internal.SignInResponse: android.os.Parcelable$Creator CREATOR
com.google.firebase.auth.ActionCodeSettings: android.os.Parcelable$Creator CREATOR
com.google.firebase.auth.EmailAuthCredential: android.os.Parcelable$Creator CREATOR
com.google.firebase.auth.FacebookAuthCredential: android.os.Parcelable$Creator CREATOR
com.google.firebase.auth.FirebaseAuth
com.google.firebase.auth.FirebaseAuth: com.google.firebase.auth.FirebaseAuth getInstance()
com.google.firebase.auth.FirebaseAuth: com.google.firebase.auth.FirebaseAuth getInstance(com.google.firebase.FirebaseApp)
com.google.firebase.auth.FirebaseAuthRegistrar
com.google.firebase.auth.FirebaseAuthRegistrar: FirebaseAuthRegistrar()
com.google.firebase.auth.FirebaseAuthRegistrar: java.util.List getComponents()
com.google.firebase.auth.GithubAuthCredential: android.os.Parcelable$Creator CREATOR
com.google.firebase.auth.GoogleAuthCredential: android.os.Parcelable$Creator CREATOR
com.google.firebase.auth.PhoneAuthCredential: android.os.Parcelable$Creator CREATOR
com.google.firebase.auth.PhoneAuthProvider$ForceResendingToken: android.os.Parcelable$Creator CREATOR
com.google.firebase.auth.PlayGamesAuthCredential: android.os.Parcelable$Creator CREATOR
com.google.firebase.auth.TwitterAuthCredential: android.os.Parcelable$Creator CREATOR
com.google.firebase.auth.UserProfileChangeRequest: android.os.Parcelable$Creator CREATOR
com.google.firebase.auth.internal.FederatedSignInActivity
com.google.firebase.auth.internal.FederatedSignInActivity: FederatedSignInActivity()
com.google.firebase.auth.internal.zzd: android.os.Parcelable$Creator CREATOR
com.google.firebase.auth.internal.zzf: android.os.Parcelable$Creator CREATOR
com.google.firebase.auth.internal.zzh: android.os.Parcelable$Creator CREATOR
com.google.firebase.auth.internal.zzl: android.os.Parcelable$Creator CREATOR
com.google.firebase.auth.internal.zzn: android.os.Parcelable$Creator CREATOR
com.google.firebase.auth.zzd: android.os.Parcelable$Creator CREATOR
com.google.firebase.components.ComponentDiscoveryService
com.google.firebase.components.ComponentDiscoveryService: ComponentDiscoveryService()
com.google.firebase.firebase_common.R$attr: int font
com.google.firebase.firebase_common.R$attr: int fontProviderAuthority
com.google.firebase.firebase_common.R$attr: int fontProviderCerts
com.google.firebase.firebase_common.R$attr: int fontProviderFetchStrategy
com.google.firebase.firebase_common.R$attr: int fontProviderFetchTimeout
com.google.firebase.firebase_common.R$attr: int fontProviderPackage
com.google.firebase.firebase_common.R$attr: int fontProviderQuery
com.google.firebase.firebase_common.R$attr: int fontStyle
com.google.firebase.firebase_common.R$attr: int fontWeight
com.google.firebase.firebase_common.R$bool: int abc_action_bar_embed_tabs
com.google.firebase.firebase_common.R$color: int notification_action_color_filter
com.google.firebase.firebase_common.R$color: int notification_icon_bg_color
com.google.firebase.firebase_common.R$color: int notification_material_background_media_default_color
com.google.firebase.firebase_common.R$color: int primary_text_default_material_dark
com.google.firebase.firebase_common.R$color: int ripple_material_light
com.google.firebase.firebase_common.R$color: int secondary_text_default_material_dark
com.google.firebase.firebase_common.R$color: int secondary_text_default_material_light