android/app/build/outputs/mapping/debug/usage.txt
com.pizzadelivery.BuildConfig:
    public static final java.lang.String APPLICATION_ID
    public static final java.lang.String BUILD_TYPE
    public static final java.lang.String FLAVOR
    public static final int VERSION_CODE
    public static final java.lang.String VERSION_NAME
    6:6:public BuildConfig()
com.pizzadelivery.LoginActivity:
    private static final int RC_SIGN_IN
com.pizzadelivery.MainActivity:
    public static final java.lang.String AUTH_TOKEN
    public static final java.lang.String MOBILE_NUMBER
com.pizzadelivery.Order
com.pizzadelivery.R
com.pizzadelivery.R$anim
com.pizzadelivery.R$animator
com.pizzadelivery.R$attr
com.pizzadelivery.R$bool
com.pizzadelivery.R$color
com.pizzadelivery.R$dimen
com.pizzadelivery.R$drawable
com.pizzadelivery.R$id
com.pizzadelivery.R$integer
com.pizzadelivery.R$layout
com.pizzadelivery.R$mipmap
com.pizzadelivery.R$plurals
com.pizzadelivery.R$string
com.pizzadelivery.R$style
com.pizzadelivery.R$styleable
com.pizzadelivery.R$xml
...
android.support.v4.media.session.PlaybackStateCompat$CustomAction$Builder
android.support.v4.media.session.PlaybackStateCompat$ErrorCode
android.support.v4.media.session.PlaybackStateCompat$MediaKeyAction
android.support.v4.media.session.PlaybackStateCompat$RepeatMode
android.support.v4.media.session.PlaybackStateCompat$ShuffleMode
android.support.v4.media.session.PlaybackStateCompat$State
android.support.v4.media.session.PlaybackStateCompatApi21:
    26:79:PlaybackStateCompatApi21()
    67:76:public static java.lang.Object newInstance(int,long,long,float,long,java.lang.CharSequence,long,java.util.List,long)
android.support.v4.media.session.PlaybackStateCompatApi21$CustomAction:
    79:79:PlaybackStateCompatApi21$CustomAction()
    97:100:public static java.lang.Object newInstance(java.lang.String,java.lang.CharSequence,int,android.os.Bundle)
android.support.v4.media.session.PlaybackStateCompatApi22:
    26:26:PlaybackStateCompatApi22()
    35:45:public static java.lang.Object newInstance(int,long,long,float,long,java.lang.CharSequence,long,java.util.List,long,android.os.Bundle)
android.support.v4.net.ConnectivityManagerCompat:
    public static final int RESTRICT_BACKGROUND_STATUS_DISABLED
    public static final int RESTRICT_BACKGROUND_STATUS_WHITELISTED
    public static final int RESTRICT_BACKGROUND_STATUS_ENABLED
    137:141:public static android.net.NetworkInfo getNetworkInfoFromBroadcast(android.net.ConnectivityManager,android.content.Intent)
    155:158:public static int getRestrictBackgroundStatus(android.net.ConnectivityManager)
    162:162:private ConnectivityManagerCompat()
android.support.v4.net.ConnectivityManagerCompat$RestrictBackgroundStatus
android.support.v4.net.DatagramSocketWrapper
android.support.v4.net.DatagramSocketWrapper$DatagramSocketImplWrapper
android.support.v4.net.TrafficStatsCompat
android.support.v4.os.BuildCompat:
    26:27:private BuildCompat()
    39:39:public static boolean isAtLeastN()
    52:52:public static boolean isAtLeastNMR1()
    65:65:public static boolean isAtLeastO()
    91:91:public static boolean isAtLeastP()
android.support.v4.os.CancellationSignal
android.support.v4.os.CancellationSignal$OnCancelListener
android.support.v4.os.ConfigurationCompat
android.support.v4.os.EnvironmentCompat
android.support.v4.os.IResultReceiver$Stub:
    private static final java.lang.String DESCRIPTOR
    static final int TRANSACTION_send
android.support.v4.os.IResultReceiver$Stub$Proxy:
    77:77:public java.lang.String getInterfaceDescriptor()
android.support.v4.os.LocaleHelper
android.support.v4.os.LocaleListCompat
android.support.v4.os.LocaleListCompat$LocaleListCompatApi24Impl
android.support.v4.os.LocaleListCompat$LocaleListCompatBaseImpl
android.support.v4.os.LocaleListHelper
android.support.v4.os.LocaleListInterface
android.support.v4.os.OperationCanceledException:
    25:26:public OperationCanceledException()
    29:30:public OperationCanceledException(java.lang.String)
android.support.v4.os.ParcelableCompat
android.support.v4.os.ParcelableCompat$ParcelableCompatCreatorHoneycombMR2
android.support.v4.os.ParcelableCompatCreatorCallbacks
android.support.v4.os.ResultReceiver:
    80:83:public ResultReceiver(android.os.Handler)
    93:108:public void send(int,android.os.Bundle)
android.support.v4.os.TraceCompat:
    62:62:private TraceCompat()
android.support.v4.os.UserManagerCompat
android.support.v4.print.PrintHelper
android.support.v4.print.PrintHelper$1
android.support.v4.print.PrintHelper$ColorMode
android.support.v4.print.PrintHelper$OnPrintFinishCallback
android.support.v4.print.PrintHelper$Orientation
android.support.v4.print.PrintHelper$PrintHelperApi19
android.support.v4.print.PrintHelper$PrintHelperApi19$1
android.support.v4.print.PrintHelper$PrintHelperApi19$2
android.support.v4.print.PrintHelper$PrintHelperApi19$3
android.support.v4.print.PrintHelper$PrintHelperApi19$3$1
android.support.v4.print.PrintHelper$PrintHelperApi19$3$1$1